Sun Oct 21 2018 10:51:18 GMT+0300 (Arabian Standard Time): GET /
Sun Oct 21 2018 10:51:27 GMT+0300 (Arabian Standard Time): GET /
Sun Oct 21 2018 10:51:54 GMT+0300 (Arabian Standard Time): GET /
Sun Oct 21 2018 10:52:43 GMT+0300 (Arabian Standard Time): GET /
Sun Oct 21 2018 10:52:47 GMT+0300 (Arabian Standard Time): GET /home
Sun Oct 21 2018 10:52:48 GMT+0300 (Arabian Standard Time): GET /about
Sun Oct 21 2018 11:01:31 GMT+0300 (Arabian Standard Time): GET /
Sun Oct 21 2018 11:01:35 GMT+0300 (Arabian Standard Time): GET /maintenance
Sun Oct 21 2018 11:01:41 GMT+0300 (Arabian Standard Time): GET /maintenance
Sun Oct 21 2018 11:01:47 GMT+0300 (Arabian Standard Time): GET /maintenance
Sun Oct 21 2018 11:02:05 GMT+0300 (Arabian Standard Time): GET /maintenance
Sun Oct 21 2018 11:03:50 GMT+0300 (Arabian Standard Time): GET /maintenance
Sun Oct 21 2018 11:03:52 GMT+0300 (Arabian Standard Time): GET /g
Sun Oct 21 2018 11:03:54 GMT+0300 (Arabian Standard Time): GET /gf
Sun Oct 21 2018 11:04:08 GMT+0300 (Arabian Standard Time): GET /gf
Sun Oct 21 2018 11:04:11 GMT+0300 (Arabian Standard Time): GET /
Sun Oct 21 2018 11:04:43 GMT+0300 (Arabian Standard Time): GET /
Sun Oct 21 2018 11:04:52 GMT+0300 (Arabian Standard Time): GET /
Sun Oct 21 2018 11:05:01 GMT+0300 (Arabian Standard Time): GET /
Sun Oct 21 2018 11:05:04 GMT+0300 (Arabian Standard Time): GET /
Sun Oct 21 2018 11:05:04 GMT+0300 (Arabian Standard Time): GET /favicon.ico
Sun Oct 21 2018 11:05:13 GMT+0300 (Arabian Standard Time): GET /
Sun Oct 21 2018 11:05:14 GMT+0300 (Arabian Standard Time): GET /favicon.ico
Sun Oct 21 2018 11:05:31 GMT+0300 (Arabian Standard Time): GET /
Sun Oct 21 2018 11:05:32 GMT+0300 (Arabian Standard Time): GET /favicon.ico
Sun Oct 21 2018 11:05:32 GMT+0300 (Arabian Standard Time): GET /
Sun Oct 21 2018 11:05:33 GMT+0300 (Arabian Standard Time): GET /favicon.ico
Sun Oct 21 2018 11:05:38 GMT+0300 (Arabian Standard Time): GET /
Sun Oct 21 2018 11:05:38 GMT+0300 (Arabian Standard Time): GET /favicon.ico
Sun Oct 21 2018 11:06:24 GMT+0300 (Arabian Standard Time): GET /
Sun Oct 21 2018 11:06:25 GMT+0300 (Arabian Standard Time): GET /favicon.ico
Sun Oct 21 2018 11:06:48 GMT+0300 (Arabian Standard Time): GET /
Sun Oct 21 2018 11:06:48 GMT+0300 (Arabian Standard Time): GET /favicon.ico
Sun Oct 21 2018 11:07:21 GMT+0300 (Arabian Standard Time): GET /
Sun Oct 21 2018 11:07:31 GMT+0300 (Arabian Standard Time): GET /
Sun Oct 21 2018 11:07:48 GMT+0300 (Arabian Standard Time): GET /
Sun Oct 21 2018 11:07:52 GMT+0300 (Arabian Standard Time): GET /about
Sun Oct 21 2018 11:08:02 GMT+0300 (Arabian Standard Time): GET /about/about
Sun Oct 21 2018 11:08:05 GMT+0300 (Arabian Standard Time): GET /about/about.hmtl
Sun Oct 21 2018 11:08:08 GMT+0300 (Arabian Standard Time): GET /about/about.html
Sun Oct 21 2018 11:08:37 GMT+0300 (Arabian Standard Time): GET /about/help.html
Sun Oct 21 2018 11:08:54 GMT+0300 (Arabian Standard Time): GET /home.hbs
Sun Oct 21 2018 11:09:01 GMT+0300 (Arabian Standard Time): GET /views/home.hbs
Sun Oct 21 2018 11:10:30 GMT+0300 (Arabian Standard Time): GET /
Sun Oct 21 2018 11:10:45 GMT+0300 (Arabian Standard Time): GET /
Sun Oct 21 2018 11:11:18 GMT+0300 (Arabian Standard Time): GET /
Sun Oct 21 2018 11:11:22 GMT+0300 (Arabian Standard Time): GET /help.html
Sun Oct 21 2018 11:11:50 GMT+0300 (Arabian Standard Time): GET /help.html
